[2025-12-25 21:25:40] [31merror[39m: Unexpected token '<', "<p>tetetet"... is not valid JSON
[2025-12-25 21:25:40] [33mwarn[39m: ⚠️ Could File (/uploads/1766678139553-309597548.png): ENOENT: no such file or directory, access 'D:\uploads\1766678139553-309597548.png'
[2025-12-26 20:04:07] [31merror[39m: Unexpected token '<', "<p>test</p>" is not valid JSON
[2025-12-26 20:08:48] [32minfo[39m: Blog created by user undefined with ID undefined
[2025-12-26 20:08:48] [31merror[39m: 
Invalid `prisma.blog.create()` invocation:

{
  data: {
    title: "asdasda",
    slug: "asdasda",
    categoryId: "1",
    content: "<p>testetetet</p>",
    coverImage: undefined,
    authorId: undefined,
+   category: {
+     create: CategoryCreateWithoutBlogsInput | CategoryUncheckedCreateWithoutBlogsInput,
+     connectOrCreate: CategoryCreateOrConnectWithoutBlogsInput,
+     connect: CategoryWhereUniqueInput
+   }
  }
}

Argument `category` is missing.
[2025-12-26 20:22:29] [32minfo[39m: Blog created by user undefined with ID undefined
[2025-12-26 20:22:29] [31merror[39m: 
Invalid `prisma.blog.create()` invocation:

{
  data: {
    title: "teetstst",
    slug: "teetstst",
    categoryId: "69195774d722b34bc95e9db0",
    content: "<p>testxtsdtte</p>",
    coverImage: undefined,
    authorId: undefined,
+   category: {
+     create: CategoryCreateWithoutBlogsInput | CategoryUncheckedCreateWithoutBlogsInput,
+     connectOrCreate: CategoryCreateOrConnectWithoutBlogsInput,
+     connect: CategoryWhereUniqueInput
+   }
  }
}

Argument `category` is missing.
[2025-12-26 20:25:24] [32minfo[39m: Blog created by user undefined with ID undefined
[2025-12-26 20:25:24] [31merror[39m: 
Invalid `prisma.blog.create()` invocation:

{
  data: {
    title: "asdasda",
    slug: "asdasda",
    categoryId: "69195774d722b34bc95e9db0",
    content: "<p>dfdfdfdfdfdf</p>",
    coverImage: "",
    authorId: undefined,
+   category: {
+     create: CategoryCreateWithoutBlogsInput | CategoryUncheckedCreateWithoutBlogsInput,
+     connectOrCreate: CategoryCreateOrConnectWithoutBlogsInput,
+     connect: CategoryWhereUniqueInput
+   }
  }
}

Argument `category` is missing.
[2025-12-26 20:27:37] [32minfo[39m: Blog created by user undefined with ID undefined
[2025-12-26 20:27:37] [31merror[39m: 
Invalid `prisma.blog.create()` invocation:

{
  data: {
    title: "asdasda",
    slug: "asdasda",
    categoryId: "69195774d722b34bc95e9db1",
    content: "<p>trest</p>",
    coverImage: "",
    authorId: undefined,
+   category: {
+     create: CategoryCreateWithoutBlogsInput | CategoryUncheckedCreateWithoutBlogsInput,
+     connectOrCreate: CategoryCreateOrConnectWithoutBlogsInput,
+     connect: CategoryWhereUniqueInput
+   }
  }
}

Argument `category` is missing.
[2025-12-26 20:31:45] [32minfo[39m: Blog created by user undefined with ID undefined
[2025-12-26 20:31:45] [31merror[39m: 
Invalid `prisma.blog.create()` invocation:

{
  data: {
    title: "fsdsdf",
    slug: "fsdsdf",
    categoryId: "69195774d722b34bc95e9db0",
    content: "<p>fsdfsdsdfs</p>",
    coverImage: "",
    authorId: undefined,
    category: {
      connect: {
        id: "69195774d722b34bc95e9db0"
      }
    },
+   author: {
+     create: UserCreateWithoutBlogsInput | UserUncheckedCreateWithoutBlogsInput,
+     connectOrCreate: UserCreateOrConnectWithoutBlogsInput,
+     connect: UserWhereUniqueInput
+   }
  }
}

Argument `author` is missing.
[2025-12-26 20:33:03] [32minfo[39m: Blog created by user undefined with ID undefined
[2025-12-26 20:33:03] [31merror[39m: 
Invalid `prisma.blog.create()` invocation:

{
  data: {
    title: "dsfsdf",
    slug: "dsfsdf",
    categoryId: "69195774d722b34bc95e9db0",
    content: "<p>fsfsfsdfsdf</p>",
    coverImage: "/uploads/1766761383673-377201166.png",
    authorId: undefined,
    category: {
      connect: {
        id: "69195774d722b34bc95e9db0"
      }
    },
+   author: {
+     create: UserCreateWithoutBlogsInput | UserUncheckedCreateWithoutBlogsInput,
+     connectOrCreate: UserCreateOrConnectWithoutBlogsInput,
+     connect: UserWhereUniqueInput
+   }
  }
}

Argument `author` is missing.
[2025-12-26 20:33:03] [33mwarn[39m: ⚠️ Could File (/uploads/1766761383673-377201166.png): ENOENT: no such file or directory, access 'D:\uploads\1766761383673-377201166.png'
[2025-12-26 20:36:08] [32minfo[39m: Blog created by user undefined with ID undefined
[2025-12-26 20:36:08] [31merror[39m: 
Invalid `prisma.blog.create()` invocation:

{
  data: {
    title: "fsdsdf",
    slug: "fsdsdf",
    categoryId: "69195774d722b34bc95e9db0",
    ~~~~~~~~~~
    content: "<p>kksidjfsiufposidf</p>",
    coverImage: "/uploads/1766761563321-136912337.png",
    authorId: undefined,
    category: {
      connect: {
        id: "69195774d722b34bc95e9db0"
      }
    },
    author: {
      connect: {
        id: undefined
      }
    },
?   id?: String,
?   createdAt?: DateTime,
?   updatedAt?: DateTime
  }
}

Unknown argument `categoryId`. Did you mean `category`? Available options are marked with ?.
[2025-12-26 20:36:08] [32minfo[39m: ✅ Deleted File: uploads/1766761563321-136912337.png
[2025-12-26 20:39:37] [32minfo[39m: Blog created by user undefined with ID undefined
[2025-12-26 20:39:37] [31merror[39m: 
Invalid `prisma.blog.create()` invocation:

{
  data: {
    title: "test",
    slug: "test",
    categoryId: "69195774d722b34bc95e9db1",
    content: "<p>test</p>",
    coverImage: "/uploads/1766761775199-589184244.png",
    authorId: undefined,
+   category: {
+     create: CategoryCreateWithoutBlogsInput | CategoryUncheckedCreateWithoutBlogsInput,
+     connectOrCreate: CategoryCreateOrConnectWithoutBlogsInput,
+     connect: CategoryWhereUniqueInput
+   }
  }
}

Argument `category` is missing.
[2025-12-26 20:39:38] [32minfo[39m: ✅ Deleted File: uploads/1766761775199-589184244.png
[2025-12-26 20:45:31] [32minfo[39m: Blog created by user 694184f0fe40fc5cb12ccc3d with ID undefined
[2025-12-26 21:40:27] [32minfo[39m: Blog created by user 694184f0fe40fc5cb12ccc3d with ID undefined
[2025-12-27 19:05:47] [32minfo[39m: Blog created by user 694184f0fe40fc5cb12ccc3d with ID undefined
[2025-12-27 23:03:50] [31merror[39m: 
Invalid `prisma.blog.findFirst()` invocation:

{
  where: {
    id: "694fe0b3f0756cf7fd925f5e"
  },
  select: {
  ~~~~~~
    title: true,
    content: true,
    coverImage: true,
    authorId: true,
    categoryId: true
  },
  include: {
  ~~~~~~~
    category: {
      select: {
        name: true
      }
    }
  }
}

Please either use `include` or `select`, but not both at the same time.
[2025-12-27 23:04:04] [31merror[39m: 
Invalid `prisma.blog.findFirst()` invocation:

{
  where: {
    id: "694fe0b3f0756cf7fd925f5e"
  },
  select: {
  ~~~~~~
    title: true,
    content: true,
    coverImage: true,
    authorId: true,
    categoryId: true
  },
  include: {
  ~~~~~~~
    category: {
      select: {
        name: true
      }
    }
  }
}

Please either use `include` or `select`, but not both at the same time.
[2025-12-27 23:04:52] [31merror[39m: 
Invalid `prisma.blog.findFirst()` invocation:

{
  where: {
    id: "694fe0b3f0756cf7fd925f5e"
  },
  select: {
    title: true,
    content: true,
    coverImage: true,
    authorId: true,
    categoryId: true
  },
  category: {
  ~~~~~~~~
    select: {
      name: true
    }
  },
? orderBy?: BlogOrderByWithRelationInput[] | BlogOrderByWithRelationInput,
? cursor?: BlogWhereUniqueInput,
? take?: Int,
? skip?: Int,
? distinct?: BlogScalarFieldEnum | BlogScalarFieldEnum[]
}

Unknown argument `category`. Available options are marked with ?.
[2025-12-27 23:06:33] [31merror[39m: 
Invalid `prisma.blog.findFirst()` invocation:

{
  where: {
    id: "694fe0b3f0756cf7fd925f5e"
  },
  select: {
  ~~~~~~
    title: true,
    content: true,
    coverImage: true,
    authorId: true,
    categoryId: true
  },
  include: {
  ~~~~~~~
    category: true
  }
}

Please either use `include` or `select`, but not both at the same time.
[2025-12-27 23:38:46] [32minfo[39m: Blog created by user 694184f0fe40fc5cb12ccc3d with ID undefined
[2025-12-27 23:40:37] [32minfo[39m: Blog created by user 694184f0fe40fc5cb12ccc3d with ID undefined
