[2025-12-25 21:25:40] [31merror[39m: Unexpected token '<', "<p>tetetet"... is not valid JSON
[2025-12-26 20:04:07] [31merror[39m: Unexpected token '<', "<p>test</p>" is not valid JSON
[2025-12-26 20:08:48] [31merror[39m: 
Invalid `prisma.blog.create()` invocation:

{
  data: {
    title: "asdasda",
    slug: "asdasda",
    categoryId: "1",
    content: "<p>testetetet</p>",
    coverImage: undefined,
    authorId: undefined,
+   category: {
+     create: CategoryCreateWithoutBlogsInput | CategoryUncheckedCreateWithoutBlogsInput,
+     connectOrCreate: CategoryCreateOrConnectWithoutBlogsInput,
+     connect: CategoryWhereUniqueInput
+   }
  }
}

Argument `category` is missing.
[2025-12-26 20:22:29] [31merror[39m: 
Invalid `prisma.blog.create()` invocation:

{
  data: {
    title: "teetstst",
    slug: "teetstst",
    categoryId: "69195774d722b34bc95e9db0",
    content: "<p>testxtsdtte</p>",
    coverImage: undefined,
    authorId: undefined,
+   category: {
+     create: CategoryCreateWithoutBlogsInput | CategoryUncheckedCreateWithoutBlogsInput,
+     connectOrCreate: CategoryCreateOrConnectWithoutBlogsInput,
+     connect: CategoryWhereUniqueInput
+   }
  }
}

Argument `category` is missing.
[2025-12-26 20:25:24] [31merror[39m: 
Invalid `prisma.blog.create()` invocation:

{
  data: {
    title: "asdasda",
    slug: "asdasda",
    categoryId: "69195774d722b34bc95e9db0",
    content: "<p>dfdfdfdfdfdf</p>",
    coverImage: "",
    authorId: undefined,
+   category: {
+     create: CategoryCreateWithoutBlogsInput | CategoryUncheckedCreateWithoutBlogsInput,
+     connectOrCreate: CategoryCreateOrConnectWithoutBlogsInput,
+     connect: CategoryWhereUniqueInput
+   }
  }
}

Argument `category` is missing.
[2025-12-26 20:27:37] [31merror[39m: 
Invalid `prisma.blog.create()` invocation:

{
  data: {
    title: "asdasda",
    slug: "asdasda",
    categoryId: "69195774d722b34bc95e9db1",
    content: "<p>trest</p>",
    coverImage: "",
    authorId: undefined,
+   category: {
+     create: CategoryCreateWithoutBlogsInput | CategoryUncheckedCreateWithoutBlogsInput,
+     connectOrCreate: CategoryCreateOrConnectWithoutBlogsInput,
+     connect: CategoryWhereUniqueInput
+   }
  }
}

Argument `category` is missing.
[2025-12-26 20:31:45] [31merror[39m: 
Invalid `prisma.blog.create()` invocation:

{
  data: {
    title: "fsdsdf",
    slug: "fsdsdf",
    categoryId: "69195774d722b34bc95e9db0",
    content: "<p>fsdfsdsdfs</p>",
    coverImage: "",
    authorId: undefined,
    category: {
      connect: {
        id: "69195774d722b34bc95e9db0"
      }
    },
+   author: {
+     create: UserCreateWithoutBlogsInput | UserUncheckedCreateWithoutBlogsInput,
+     connectOrCreate: UserCreateOrConnectWithoutBlogsInput,
+     connect: UserWhereUniqueInput
+   }
  }
}

Argument `author` is missing.
[2025-12-26 20:33:03] [31merror[39m: 
Invalid `prisma.blog.create()` invocation:

{
  data: {
    title: "dsfsdf",
    slug: "dsfsdf",
    categoryId: "69195774d722b34bc95e9db0",
    content: "<p>fsfsfsdfsdf</p>",
    coverImage: "/uploads/1766761383673-377201166.png",
    authorId: undefined,
    category: {
      connect: {
        id: "69195774d722b34bc95e9db0"
      }
    },
+   author: {
+     create: UserCreateWithoutBlogsInput | UserUncheckedCreateWithoutBlogsInput,
+     connectOrCreate: UserCreateOrConnectWithoutBlogsInput,
+     connect: UserWhereUniqueInput
+   }
  }
}

Argument `author` is missing.
[2025-12-26 20:36:08] [31merror[39m: 
Invalid `prisma.blog.create()` invocation:

{
  data: {
    title: "fsdsdf",
    slug: "fsdsdf",
    categoryId: "69195774d722b34bc95e9db0",
    ~~~~~~~~~~
    content: "<p>kksidjfsiufposidf</p>",
    coverImage: "/uploads/1766761563321-136912337.png",
    authorId: undefined,
    category: {
      connect: {
        id: "69195774d722b34bc95e9db0"
      }
    },
    author: {
      connect: {
        id: undefined
      }
    },
?   id?: String,
?   createdAt?: DateTime,
?   updatedAt?: DateTime
  }
}

Unknown argument `categoryId`. Did you mean `category`? Available options are marked with ?.
[2025-12-26 20:39:37] [31merror[39m: 
Invalid `prisma.blog.create()` invocation:

{
  data: {
    title: "test",
    slug: "test",
    categoryId: "69195774d722b34bc95e9db1",
    content: "<p>test</p>",
    coverImage: "/uploads/1766761775199-589184244.png",
    authorId: undefined,
+   category: {
+     create: CategoryCreateWithoutBlogsInput | CategoryUncheckedCreateWithoutBlogsInput,
+     connectOrCreate: CategoryCreateOrConnectWithoutBlogsInput,
+     connect: CategoryWhereUniqueInput
+   }
  }
}

Argument `category` is missing.
[2025-12-27 23:03:50] [31merror[39m: 
Invalid `prisma.blog.findFirst()` invocation:

{
  where: {
    id: "694fe0b3f0756cf7fd925f5e"
  },
  select: {
  ~~~~~~
    title: true,
    content: true,
    coverImage: true,
    authorId: true,
    categoryId: true
  },
  include: {
  ~~~~~~~
    category: {
      select: {
        name: true
      }
    }
  }
}

Please either use `include` or `select`, but not both at the same time.
[2025-12-27 23:04:04] [31merror[39m: 
Invalid `prisma.blog.findFirst()` invocation:

{
  where: {
    id: "694fe0b3f0756cf7fd925f5e"
  },
  select: {
  ~~~~~~
    title: true,
    content: true,
    coverImage: true,
    authorId: true,
    categoryId: true
  },
  include: {
  ~~~~~~~
    category: {
      select: {
        name: true
      }
    }
  }
}

Please either use `include` or `select`, but not both at the same time.
[2025-12-27 23:04:52] [31merror[39m: 
Invalid `prisma.blog.findFirst()` invocation:

{
  where: {
    id: "694fe0b3f0756cf7fd925f5e"
  },
  select: {
    title: true,
    content: true,
    coverImage: true,
    authorId: true,
    categoryId: true
  },
  category: {
  ~~~~~~~~
    select: {
      name: true
    }
  },
? orderBy?: BlogOrderByWithRelationInput[] | BlogOrderByWithRelationInput,
? cursor?: BlogWhereUniqueInput,
? take?: Int,
? skip?: Int,
? distinct?: BlogScalarFieldEnum | BlogScalarFieldEnum[]
}

Unknown argument `category`. Available options are marked with ?.
[2025-12-27 23:06:33] [31merror[39m: 
Invalid `prisma.blog.findFirst()` invocation:

{
  where: {
    id: "694fe0b3f0756cf7fd925f5e"
  },
  select: {
  ~~~~~~
    title: true,
    content: true,
    coverImage: true,
    authorId: true,
    categoryId: true
  },
  include: {
  ~~~~~~~
    category: true
  }
}

Please either use `include` or `select`, but not both at the same time.
[2025-12-28 18:00:32] [31merror[39m: Unexpected token '<', "<p>fsfsdfs"... is not valid JSON
[2025-12-28 18:06:11] [31merror[39m: 
Invalid `prisma.blog.findFirst()` invocation:


Inconsistent column data: Malformed ObjectID: invalid character 'r' was found at index 0 in the provided hex string: "recent-blogs".
[2025-12-30 22:32:11] [31merror[39m: Profile fetch failed: 
Invalid `prisma.user.findUnique()` invocation:

{
  where: {
    id: undefined,
?   email?: String,
?   AND?: UserWhereInput | UserWhereInput[],
?   OR?: UserWhereInput[],
?   NOT?: UserWhereInput | UserWhereInput[],
?   name?: StringFilter | String,
?   password?: StringFilter | String,
?   profileImage?: StringNullableFilter | String | Null,
?   role?: IntFilter | Int,
?   bio?: StringNullableFilter | String | Null,
?   facebook?: StringNullableFilter | String | Null,
?   instagram?: StringNullableFilter | String | Null,
?   twitter?: StringNullableFilter | String | Null,
?   linkedin?: StringNullableFilter | String | Null,
?   github?: StringNullableFilter | String | Null,
?   blogs?: BlogListRelationFilter,
?   sessions?: SessionListRelationFilter
  },
  select: {
    profileImage: true
  }
}

Argument `where` of type UserWhereUniqueInput needs at least one of `id` or `email` arguments. Available options are marked with ?.
[2025-12-30 22:32:12] [31merror[39m: Profile fetch failed: 
Invalid `prisma.user.findUnique()` invocation:

{
  where: {
    id: undefined,
?   email?: String,
?   AND?: UserWhereInput | UserWhereInput[],
?   OR?: UserWhereInput[],
?   NOT?: UserWhereInput | UserWhereInput[],
?   name?: StringFilter | String,
?   password?: StringFilter | String,
?   profileImage?: StringNullableFilter | String | Null,
?   role?: IntFilter | Int,
?   bio?: StringNullableFilter | String | Null,
?   facebook?: StringNullableFilter | String | Null,
?   instagram?: StringNullableFilter | String | Null,
?   twitter?: StringNullableFilter | String | Null,
?   linkedin?: StringNullableFilter | String | Null,
?   github?: StringNullableFilter | String | Null,
?   blogs?: BlogListRelationFilter,
?   sessions?: SessionListRelationFilter
  },
  select: {
    profileImage: true
  }
}

Argument `where` of type UserWhereUniqueInput needs at least one of `id` or `email` arguments. Available options are marked with ?.
[2025-12-30 22:32:34] [31merror[39m: Profile fetch failed: 
Invalid `prisma.user.findUnique()` invocation:

{
  where: {
    id: undefined,
?   email?: String,
?   AND?: UserWhereInput | UserWhereInput[],
?   OR?: UserWhereInput[],
?   NOT?: UserWhereInput | UserWhereInput[],
?   name?: StringFilter | String,
?   password?: StringFilter | String,
?   profileImage?: StringNullableFilter | String | Null,
?   role?: IntFilter | Int,
?   bio?: StringNullableFilter | String | Null,
?   facebook?: StringNullableFilter | String | Null,
?   instagram?: StringNullableFilter | String | Null,
?   twitter?: StringNullableFilter | String | Null,
?   linkedin?: StringNullableFilter | String | Null,
?   github?: StringNullableFilter | String | Null,
?   blogs?: BlogListRelationFilter,
?   sessions?: SessionListRelationFilter
  },
  select: {
    profileImage: true
  }
}

Argument `where` of type UserWhereUniqueInput needs at least one of `id` or `email` arguments. Available options are marked with ?.
[2025-12-30 22:32:35] [31merror[39m: Profile fetch failed: 
Invalid `prisma.user.findUnique()` invocation:

{
  where: {
    id: undefined,
?   email?: String,
?   AND?: UserWhereInput | UserWhereInput[],
?   OR?: UserWhereInput[],
?   NOT?: UserWhereInput | UserWhereInput[],
?   name?: StringFilter | String,
?   password?: StringFilter | String,
?   profileImage?: StringNullableFilter | String | Null,
?   role?: IntFilter | Int,
?   bio?: StringNullableFilter | String | Null,
?   facebook?: StringNullableFilter | String | Null,
?   instagram?: StringNullableFilter | String | Null,
?   twitter?: StringNullableFilter | String | Null,
?   linkedin?: StringNullableFilter | String | Null,
?   github?: StringNullableFilter | String | Null,
?   blogs?: BlogListRelationFilter,
?   sessions?: SessionListRelationFilter
  },
  select: {
    profileImage: true
  }
}

Argument `where` of type UserWhereUniqueInput needs at least one of `id` or `email` arguments. Available options are marked with ?.
[2025-12-30 22:35:09] [31merror[39m: Profile fetch failed: 
Invalid `prisma.user.findUnique()` invocation:

{
  where: {
    id: undefined,
?   email?: String,
?   AND?: UserWhereInput | UserWhereInput[],
?   OR?: UserWhereInput[],
?   NOT?: UserWhereInput | UserWhereInput[],
?   name?: StringFilter | String,
?   password?: StringFilter | String,
?   profileImage?: StringNullableFilter | String | Null,
?   role?: IntFilter | Int,
?   bio?: StringNullableFilter | String | Null,
?   facebook?: StringNullableFilter | String | Null,
?   instagram?: StringNullableFilter | String | Null,
?   twitter?: StringNullableFilter | String | Null,
?   linkedin?: StringNullableFilter | String | Null,
?   github?: StringNullableFilter | String | Null,
?   blogs?: BlogListRelationFilter,
?   sessions?: SessionListRelationFilter
  },
  select: {
    profileImage: true
  }
}

Argument `where` of type UserWhereUniqueInput needs at least one of `id` or `email` arguments. Available options are marked with ?.
[2025-12-30 22:35:10] [31merror[39m: Profile fetch failed: 
Invalid `prisma.user.findUnique()` invocation:

{
  where: {
    id: undefined,
?   email?: String,
?   AND?: UserWhereInput | UserWhereInput[],
?   OR?: UserWhereInput[],
?   NOT?: UserWhereInput | UserWhereInput[],
?   name?: StringFilter | String,
?   password?: StringFilter | String,
?   profileImage?: StringNullableFilter | String | Null,
?   role?: IntFilter | Int,
?   bio?: StringNullableFilter | String | Null,
?   facebook?: StringNullableFilter | String | Null,
?   instagram?: StringNullableFilter | String | Null,
?   twitter?: StringNullableFilter | String | Null,
?   linkedin?: StringNullableFilter | String | Null,
?   github?: StringNullableFilter | String | Null,
?   blogs?: BlogListRelationFilter,
?   sessions?: SessionListRelationFilter
  },
  select: {
    profileImage: true
  }
}

Argument `where` of type UserWhereUniqueInput needs at least one of `id` or `email` arguments. Available options are marked with ?.
[2025-12-30 22:36:45] [31merror[39m: Profile fetch failed: 
Invalid `prisma.user.findUnique()` invocation:

{
  where: {
    id: undefined,
?   email?: String,
?   AND?: UserWhereInput | UserWhereInput[],
?   OR?: UserWhereInput[],
?   NOT?: UserWhereInput | UserWhereInput[],
?   name?: StringFilter | String,
?   password?: StringFilter | String,
?   profileImage?: StringNullableFilter | String | Null,
?   role?: IntFilter | Int,
?   bio?: StringNullableFilter | String | Null,
?   facebook?: StringNullableFilter | String | Null,
?   instagram?: StringNullableFilter | String | Null,
?   twitter?: StringNullableFilter | String | Null,
?   linkedin?: StringNullableFilter | String | Null,
?   github?: StringNullableFilter | String | Null,
?   blogs?: BlogListRelationFilter,
?   sessions?: SessionListRelationFilter
  },
  select: {
    profileImage: true
  }
}

Argument `where` of type UserWhereUniqueInput needs at least one of `id` or `email` arguments. Available options are marked with ?.
[2025-12-30 22:36:46] [31merror[39m: Profile fetch failed: 
Invalid `prisma.user.findUnique()` invocation:

{
  where: {
    id: undefined,
?   email?: String,
?   AND?: UserWhereInput | UserWhereInput[],
?   OR?: UserWhereInput[],
?   NOT?: UserWhereInput | UserWhereInput[],
?   name?: StringFilter | String,
?   password?: StringFilter | String,
?   profileImage?: StringNullableFilter | String | Null,
?   role?: IntFilter | Int,
?   bio?: StringNullableFilter | String | Null,
?   facebook?: StringNullableFilter | String | Null,
?   instagram?: StringNullableFilter | String | Null,
?   twitter?: StringNullableFilter | String | Null,
?   linkedin?: StringNullableFilter | String | Null,
?   github?: StringNullableFilter | String | Null,
?   blogs?: BlogListRelationFilter,
?   sessions?: SessionListRelationFilter
  },
  select: {
    profileImage: true
  }
}

Argument `where` of type UserWhereUniqueInput needs at least one of `id` or `email` arguments. Available options are marked with ?.
[2025-12-30 22:38:07] [31merror[39m: Profile fetch failed: 
Invalid `prisma.user.findUnique()` invocation:

{
  where: {
    id: undefined,
?   email?: String,
?   AND?: UserWhereInput | UserWhereInput[],
?   OR?: UserWhereInput[],
?   NOT?: UserWhereInput | UserWhereInput[],
?   name?: StringFilter | String,
?   password?: StringFilter | String,
?   profileImage?: StringNullableFilter | String | Null,
?   role?: IntFilter | Int,
?   bio?: StringNullableFilter | String | Null,
?   facebook?: StringNullableFilter | String | Null,
?   instagram?: StringNullableFilter | String | Null,
?   twitter?: StringNullableFilter | String | Null,
?   linkedin?: StringNullableFilter | String | Null,
?   github?: StringNullableFilter | String | Null,
?   blogs?: BlogListRelationFilter,
?   sessions?: SessionListRelationFilter
  },
  select: {
    profileImage: true
  }
}

Argument `where` of type UserWhereUniqueInput needs at least one of `id` or `email` arguments. Available options are marked with ?.
[2025-12-30 22:38:08] [31merror[39m: Profile fetch failed: 
Invalid `prisma.user.findUnique()` invocation:

{
  where: {
    id: undefined,
?   email?: String,
?   AND?: UserWhereInput | UserWhereInput[],
?   OR?: UserWhereInput[],
?   NOT?: UserWhereInput | UserWhereInput[],
?   name?: StringFilter | String,
?   password?: StringFilter | String,
?   profileImage?: StringNullableFilter | String | Null,
?   role?: IntFilter | Int,
?   bio?: StringNullableFilter | String | Null,
?   facebook?: StringNullableFilter | String | Null,
?   instagram?: StringNullableFilter | String | Null,
?   twitter?: StringNullableFilter | String | Null,
?   linkedin?: StringNullableFilter | String | Null,
?   github?: StringNullableFilter | String | Null,
?   blogs?: BlogListRelationFilter,
?   sessions?: SessionListRelationFilter
  },
  select: {
    profileImage: true
  }
}

Argument `where` of type UserWhereUniqueInput needs at least one of `id` or `email` arguments. Available options are marked with ?.
[2025-12-30 22:39:01] [31merror[39m: Profile fetch failed: 
Invalid `prisma.user.findUnique()` invocation:

{
  where: {
    id: undefined,
?   email?: String,
?   AND?: UserWhereInput | UserWhereInput[],
?   OR?: UserWhereInput[],
?   NOT?: UserWhereInput | UserWhereInput[],
?   name?: StringFilter | String,
?   password?: StringFilter | String,
?   profileImage?: StringNullableFilter | String | Null,
?   role?: IntFilter | Int,
?   bio?: StringNullableFilter | String | Null,
?   facebook?: StringNullableFilter | String | Null,
?   instagram?: StringNullableFilter | String | Null,
?   twitter?: StringNullableFilter | String | Null,
?   linkedin?: StringNullableFilter | String | Null,
?   github?: StringNullableFilter | String | Null,
?   blogs?: BlogListRelationFilter,
?   sessions?: SessionListRelationFilter
  },
  select: {
    profileImage: true
  }
}

Argument `where` of type UserWhereUniqueInput needs at least one of `id` or `email` arguments. Available options are marked with ?.
[2025-12-30 22:39:02] [31merror[39m: Profile fetch failed: 
Invalid `prisma.user.findUnique()` invocation:

{
  where: {
    id: undefined,
?   email?: String,
?   AND?: UserWhereInput | UserWhereInput[],
?   OR?: UserWhereInput[],
?   NOT?: UserWhereInput | UserWhereInput[],
?   name?: StringFilter | String,
?   password?: StringFilter | String,
?   profileImage?: StringNullableFilter | String | Null,
?   role?: IntFilter | Int,
?   bio?: StringNullableFilter | String | Null,
?   facebook?: StringNullableFilter | String | Null,
?   instagram?: StringNullableFilter | String | Null,
?   twitter?: StringNullableFilter | String | Null,
?   linkedin?: StringNullableFilter | String | Null,
?   github?: StringNullableFilter | String | Null,
?   blogs?: BlogListRelationFilter,
?   sessions?: SessionListRelationFilter
  },
  select: {
    profileImage: true
  }
}

Argument `where` of type UserWhereUniqueInput needs at least one of `id` or `email` arguments. Available options are marked with ?.
[2025-12-30 22:40:25] [31merror[39m: Profile fetch failed: 
Invalid `prisma.user.findUnique()` invocation:

{
  where: {
    id: undefined,
?   email?: String,
?   AND?: UserWhereInput | UserWhereInput[],
?   OR?: UserWhereInput[],
?   NOT?: UserWhereInput | UserWhereInput[],
?   name?: StringFilter | String,
?   password?: StringFilter | String,
?   profileImage?: StringNullableFilter | String | Null,
?   role?: IntFilter | Int,
?   bio?: StringNullableFilter | String | Null,
?   facebook?: StringNullableFilter | String | Null,
?   instagram?: StringNullableFilter | String | Null,
?   twitter?: StringNullableFilter | String | Null,
?   linkedin?: StringNullableFilter | String | Null,
?   github?: StringNullableFilter | String | Null,
?   blogs?: BlogListRelationFilter,
?   sessions?: SessionListRelationFilter
  },
  select: {
    profileImage: true
  }
}

Argument `where` of type UserWhereUniqueInput needs at least one of `id` or `email` arguments. Available options are marked with ?.
[2025-12-30 22:40:26] [31merror[39m: Profile fetch failed: 
Invalid `prisma.user.findUnique()` invocation:

{
  where: {
    id: undefined,
?   email?: String,
?   AND?: UserWhereInput | UserWhereInput[],
?   OR?: UserWhereInput[],
?   NOT?: UserWhereInput | UserWhereInput[],
?   name?: StringFilter | String,
?   password?: StringFilter | String,
?   profileImage?: StringNullableFilter | String | Null,
?   role?: IntFilter | Int,
?   bio?: StringNullableFilter | String | Null,
?   facebook?: StringNullableFilter | String | Null,
?   instagram?: StringNullableFilter | String | Null,
?   twitter?: StringNullableFilter | String | Null,
?   linkedin?: StringNullableFilter | String | Null,
?   github?: StringNullableFilter | String | Null,
?   blogs?: BlogListRelationFilter,
?   sessions?: SessionListRelationFilter
  },
  select: {
    profileImage: true
  }
}

Argument `where` of type UserWhereUniqueInput needs at least one of `id` or `email` arguments. Available options are marked with ?.
[2025-12-30 22:40:54] [31merror[39m: Profile fetch failed: 
Invalid `prisma.user.findUnique()` invocation:

{
  where: {
    id: undefined,
?   email?: String,
?   AND?: UserWhereInput | UserWhereInput[],
?   OR?: UserWhereInput[],
?   NOT?: UserWhereInput | UserWhereInput[],
?   name?: StringFilter | String,
?   password?: StringFilter | String,
?   profileImage?: StringNullableFilter | String | Null,
?   role?: IntFilter | Int,
?   bio?: StringNullableFilter | String | Null,
?   facebook?: StringNullableFilter | String | Null,
?   instagram?: StringNullableFilter | String | Null,
?   twitter?: StringNullableFilter | String | Null,
?   linkedin?: StringNullableFilter | String | Null,
?   github?: StringNullableFilter | String | Null,
?   blogs?: BlogListRelationFilter,
?   sessions?: SessionListRelationFilter
  },
  select: {
    profileImage: true
  }
}

Argument `where` of type UserWhereUniqueInput needs at least one of `id` or `email` arguments. Available options are marked with ?.
[2025-12-30 22:40:55] [31merror[39m: Profile fetch failed: 
Invalid `prisma.user.findUnique()` invocation:

{
  where: {
    id: undefined,
?   email?: String,
?   AND?: UserWhereInput | UserWhereInput[],
?   OR?: UserWhereInput[],
?   NOT?: UserWhereInput | UserWhereInput[],
?   name?: StringFilter | String,
?   password?: StringFilter | String,
?   profileImage?: StringNullableFilter | String | Null,
?   role?: IntFilter | Int,
?   bio?: StringNullableFilter | String | Null,
?   facebook?: StringNullableFilter | String | Null,
?   instagram?: StringNullableFilter | String | Null,
?   twitter?: StringNullableFilter | String | Null,
?   linkedin?: StringNullableFilter | String | Null,
?   github?: StringNullableFilter | String | Null,
?   blogs?: BlogListRelationFilter,
?   sessions?: SessionListRelationFilter
  },
  select: {
    profileImage: true
  }
}

Argument `where` of type UserWhereUniqueInput needs at least one of `id` or `email` arguments. Available options are marked with ?.
[2026-01-04 19:20:48] [31merror[39m: 
Invalid `prisma.blog.update()` invocation:

{
  where: {
    id: "69568424cb777a95c51e4790"
  },
  data: {
    title: "test two",
    slug: "test-two",
    content: "<p>It is a long established fact that a reader will be distracted by the readable content of a page when looking at its layout. The point of using Lorem Ipsum is that it has a more-or-less normal distribution of letters, as opposed to using 'Content here, content here', making it look like readable English. Many desktop publishing packages and web page editors now use Lorem Ipsum as their default model text, and a search for 'lorem ipsum' will uncover many web sites still in their infancy. Various versions have evolved over the years, sometimes by accident, sometimes on purpose (injected humour and the like).</p><p></p><p>Contrary to popular belief, Lorem Ipsum is not simply random text. It has roots in a piece of classical Latin literature from 45 BC, making it over 2000 years old. Richard McClintock, a Latin professor at Hampden-Sydney College in Virginia, looked up one of the more obscure Latin words, consectetur, from a Lorem Ipsum passage, and going through the cites of the word in classical literature, discovered the undoubtable source. Lorem Ipsum comes from sections 1.10.32 and 1.10.33 of \"de Finibus Bonorum et Malorum\" (The Extremes of Good and Evil) by Cicero, written in 45 BC. This book is a treatise on the theory of ethics, very popular during the Renaissance. The first line of Lorem Ipsum, \"Lorem ipsum dolor sit amet..\", comes from a line in section 1.10.32.</p>",
    categoryId: "69195774d722b34bc95e9db3",
    coverImage: "",
    isPublished: "false",
                 ~~~~~~~
    authorId: undefined
  }
}

Argument `isPublished`: Invalid value provided. Expected Boolean or BoolFieldUpdateOperationsInput, provided String.
[2026-01-04 19:21:52] [31merror[39m: 
Invalid `prisma.blog.update()` invocation:

{
  where: {
    id: "69568424cb777a95c51e4790"
  },
  data: {
    title: "test two",
    slug: "test-two",
    content: "<p>It is a long established fact that a reader will be distracted by the readable content of a page when looking at its layout. The point of using Lorem Ipsum is that it has a more-or-less normal distribution of letters, as opposed to using 'Content here, content here', making it look like readable English. Many desktop publishing packages and web page editors now use Lorem Ipsum as their default model text, and a search for 'lorem ipsum' will uncover many web sites still in their infancy. Various versions have evolved over the years, sometimes by accident, sometimes on purpose (injected humour and the like).</p><p></p><p>Contrary to popular belief, Lorem Ipsum is not simply random text. It has roots in a piece of classical Latin literature from 45 BC, making it over 2000 years old. Richard McClintock, a Latin professor at Hampden-Sydney College in Virginia, looked up one of the more obscure Latin words, consectetur, from a Lorem Ipsum passage, and going through the cites of the word in classical literature, discovered the undoubtable source. Lorem Ipsum comes from sections 1.10.32 and 1.10.33 of \"de Finibus Bonorum et Malorum\" (The Extremes of Good and Evil) by Cicero, written in 45 BC. This book is a treatise on the theory of ethics, very popular during the Renaissance. The first line of Lorem Ipsum, \"Lorem ipsum dolor sit amet..\", comes from a line in section 1.10.32.</p>",
    categoryId: "69195774d722b34bc95e9db3",
    coverImage: "",
    isPublished: "false",
                 ~~~~~~~
    authorId: undefined
  }
}

Argument `isPublished`: Invalid value provided. Expected Boolean or BoolFieldUpdateOperationsInput, provided String.
